<?xml version="1.0" encoding="UTF-8"?>
<testsuite xmlns:xsi="http://www.w3.org/2001/XMLSchema-instance" xsi:noNamespaceSchemaLocation="https://maven.apache.org/surefire/maven-surefire-plugin/xsd/surefire-test-report.xsd" version="3.0.2" name="controllers.units.UserControllerUnitTest" time="0.21" tests="2" errors="0" skipped="0" failures="0">
  <properties>
[...]
</properties>
  <testcase name="contextLoads" classname="controllers.units.UserControllerUnitTest" time="0.098">
    <system-out><![CDATA[
  .   ____          _            __ _ _
 /\\ / ___'_ __ _ _(_)_ __  __ _ \ \ \ \
( ( )\___ | '_ | '_| | '_ \/ _` | \ \ \ \
 \\/  ___)| |_)| | | | | || (_| |  ) ) ) )
  '  |____| .__|_| |_|_| |_\__, | / / / /
 =========|_|==============|___/=/_/_/_/

 :: Spring Boot ::                (v3.5.5)

2025-09-17T10:58:45.235+02:00  INFO 10288 --- [           main] c.units.UserControllerUnitTest           : Starting UserControllerUnitTest using Java 24.0.1 with PID 10288 (started by devloop in C:\Users\devloop\Desktop\spring-angular-repo\backend\project-01)
2025-09-17T10:58:45.235+02:00  INFO 10288 --- [           main] c.units.UserControllerUnitTest           : The following 1 profile is active: "default"
2025-09-17T10:58:45.256+02:00  INFO 10288 --- [           main] c.units.UserControllerUnitTest           : Started UserControllerUnitTest in 0.079 seconds (process running for 5.886)
]]></system-out>
  </testcase>
  <testcase name="listOfUserTest" classname="controllers.units.UserControllerUnitTest" time="0.011"/>
</testsuite>